<?xml version="1.0" encoding="UTF-8"?>
<!-- Generated by org.testng.reporters.JUnitReportReporter -->
<testsuite hostname="Acchu" failures="0" tests="1" name="test.Selenium_Test" time="0.017" errors="0" timestamp="2020-08-15T12:05:21 IST" skipped="0">
  <testcase classname="test.Selenium_Test" name="BrowserAutomation" time="0.017"/>
  <system-out/>
</testsuite> <!-- test.Selenium_Test -->
