<?xml version="1.0" encoding="UTF-8"?>
<!-- Generated by org.testng.reporters.JUnitReportReporter -->
<testsuite hostname="Acchu" failures="0" tests="2" name="test.Appium_Test" time="0.001" errors="0" timestamp="2020-08-16T16:20:15 IST" skipped="0">
  <testcase classname="test.Appium_Test" name="IosApps" time="0.000"/>
  <system-out/>
  <testcase classname="test.Appium_Test" name="NativeApp" time="0.001"/>
  <system-out/>
</testsuite> <!-- test.Appium_Test -->
