<?xml version="1.0" encoding="UTF-8"?>
<!-- Generated by org.testng.reporters.JUnitReportReporter -->
<testsuite hostname="Acchu" failures="0" tests="2" name="test.Selenium_Test" time="0.007" errors="0" timestamp="2020-08-16T16:20:15 IST" skipped="0">
  <testcase classname="test.Selenium_Test" name="ElementsUI" time="0.001"/>
  <system-out/>
  <testcase classname="test.Selenium_Test" name="BrowserAutomation" time="0.006"/>
  <system-out/>
</testsuite> <!-- test.Selenium_Test -->
