<?xml version="1.0" encoding="UTF-8"?>
<!-- Generated by org.testng.reporters.JUnitReportReporter -->
<testsuite hostname="Acchu" failures="0" tests="2" name="test.RestAPI_Test" time="0.001" errors="0" timestamp="2020-08-16T16:20:15 IST" skipped="0">
  <testcase classname="test.RestAPI_Test" name="PostJira" time="0.001"/>
  <system-out/>
  <testcase classname="test.RestAPI_Test" name="DeleteTwitter" time="0.000"/>
  <system-out/>
</testsuite> <!-- test.RestAPI_Test -->
